[0m10:17:04.270083 [debug] [MainThread]: Sending event: {'category': 'dbt', 'action': 'invocation', 'label': 'start', 'context': [<snowplow_tracker.self_describing_json.SelfDescribingJson object at 0x7f67d67a2da0>, <snowplow_tracker.self_describing_json.SelfDescribingJson object at 0x7f67d5276440>, <snowplow_tracker.self_describing_json.SelfDescribingJson object at 0x7f67d52763b0>]}


============================== 10:17:04.273840 | 01c8b246-5992-4941-bd27-e12f482b05e6 ==============================
[0m10:17:04.273840 [info ] [MainThread]: Running with dbt=1.5.2
[0m10:17:04.274925 [debug] [MainThread]: running dbt with arguments {'printer_width': '80', 'indirect_selection': 'eager', 'log_cache_events': 'False', 'write_json': 'True', 'partial_parse': 'True', 'cache_selected_only': 'False', 'profiles_dir': '/home/charya/.dbt', 'version_check': 'True', 'warn_error': 'None', 'log_path': 'logs', 'debug': 'False', 'fail_fast': 'False', 'use_colors': 'True', 'use_experimental_parser': 'False', 'no_print': 'None', 'quiet': 'False', 'warn_error_options': 'WarnErrorOptions(include=[], exclude=[])', 'introspect': 'True', 'static_parser': 'True', 'log_format': 'default', 'target_path': 'None', 'send_anonymous_usage_stats': 'True'}
[0m10:17:04.275806 [warn ] [MainThread]: [ConfigFolderDirectory]: Unable to parse dict {'dir': PosixPath('/home/charya/.dbt')}
[0m10:17:04.276439 [info ] [MainThread]: Creating dbt configuration folder at 
[0m10:27:28.980473 [debug] [MainThread]: Starter project path: /home/charya/.local/lib/python3.10/site-packages/dbt/include/starter_project
[0m10:27:35.359158 [info ] [MainThread]: Profile dbt_2023 written to /home/charya/.dbt/profiles.yml using target's sample configuration. Once updated, you'll be able to start developing with dbt.
[0m10:27:35.360447 [info ] [MainThread]: 
Your new dbt project "dbt_2023" was created!

For more information on how to configure the profiles.yml file,
please consult the dbt documentation here:

  https://docs.getdbt.com/docs/configure-your-profile

One more thing:

Need help? Don't hesitate to reach out to us via GitHub issues or on Slack:

  https://community.getdbt.com/

Happy modeling!

[0m10:27:35.362323 [debug] [MainThread]: Command `dbt init` succeeded at 10:27:35.362056 after 631.10 seconds
[0m10:27:35.363125 [debug] [MainThread]: Sending event: {'category': 'dbt', 'action': 'invocation', 'label': 'end', 'context': [<snowplow_tracker.self_describing_json.SelfDescribingJson object at 0x7f67d67a2da0>, <snowplow_tracker.self_describing_json.SelfDescribingJson object at 0x7f67d89ce4a0>, <snowplow_tracker.self_describing_json.SelfDescribingJson object at 0x7f67d60b4cd0>]}
[0m10:27:35.363926 [debug] [MainThread]: Flushing usage events
